Base path: 'C:/Program Files/Unity/Hub/Editor/2019.3.0f6/Editor/Data', plugins path 'C:/Program Files/Unity/Hub/Editor/2019.3.0f6/Editor/Data/PlaybackEngines'
Cmd: initializeCompiler
Cmd: compileComputeKernel
  api=4 insize=8630 outsize=4066 ok=1
Cmd: compileComputeKernel
  api=4 insize=4026 outsize=2830 ok=1
Cmd: compileComputeKernel
  api=4 insize=5899 outsize=5733 ok=1
Cmd: compileComputeKernel
  api=4 insize=26542 outsize=15695 ok=1
Cmd: compileComputeKernel
  api=4 insize=15784 outsize=34046 ok=1
Cmd: compileComputeKernel
  api=4 insize=15784 outsize=34760 ok=1
Cmd: compileComputeKernel
  api=4 insize=15784 outsize=57627 ok=1
Cmd: compileComputeKernel
  api=4 insize=7589 outsize=1322 ok=1
Cmd: compileComputeKernel
  error: 2 plat 4 at Portal2.vfx(11): failed to open source file: 'Packages/com.unity.visualeffectgraph/Shaders/RenderPipeline/HDRP/VFXDefines.hlsl'
  api=4 insize=7786 outsize=0 ok=0
Cmd: compileSnippet
  api=4 type=1 insize=22224 outsize=426 kw=UNITY_PASS_FORWARDBASE pd=UNITY_ENABLE_REFLECTION_BUFFERS UNITY_USE_DITHER_MASK_FOR_ALPHABLENDED_SHADOWS UNITY_PBS_USE_BRDF1 UNITY_SPECCUBE_BOX_PROJECTION UNITY_SPECCUBE_BLENDING UNITY_ENABLE_DETAIL_NORMALMAP SHADER_API_DESKTOP UNITY_LIGHT_PROBE_PROXY_VOLUME UNITY_LIGHTMAP_FULL_HDR ok=1
Cmd: initializeCompiler
Unhandled exception: Protocol error - unexpected end of data (did the Editor crash?)

Quitting shader compiler process
